[ 2017-04-15T10:05:41+08:00 ] 127.0.0.1 /
INFO: [ app_init ] --START--
INFO: Run Behavior\BuildLiteBehavior [ RunTime:0.000011s ]
INFO: [ app_init ] --END-- [ RunTime:0.007027s ]
INFO: [ app_begin ] --START--
INFO: Run Behavior\ReadHtmlCacheBehavior [ RunTime:0.007675s ]
INFO: [ app_begin ] --END-- [ RunTime:0.007719s ]

[ 2017-04-15T10:06:30+08:00 ] 127.0.0.1 /
INFO: [ app_init ] --START--
INFO: Run Behavior\BuildLiteBehavior [ RunTime:0.000015s ]
INFO: [ app_init ] --END-- [ RunTime:0.000662s ]
INFO: [ app_begin ] --START--
INFO: Run Behavior\ReadHtmlCacheBehavior [ RunTime:0.000997s ]
INFO: [ app_begin ] --END-- [ RunTime:0.001079s ]
INFO: [ app_end ] --START--
INFO: Run Behavior\ShowPageTraceBehavior [ RunTime:0.014138s ]
INFO: [ app_end ] --END-- [ RunTime:0.014198s ]

[ 2017-04-15T10:07:38+08:00 ] 127.0.0.1 /index.php/Home/Test/test?id=1
INFO: [ app_init ] --START--
INFO: Run Behavior\BuildLiteBehavior [ RunTime:0.000009s ]
INFO: [ app_init ] --END-- [ RunTime:0.000398s ]
INFO: [ app_begin ] --START--
INFO: Run Behavior\ReadHtmlCacheBehavior [ RunTime:0.000460s ]
INFO: [ app_begin ] --END-- [ RunTime:0.000493s ]
NOTIC: [8] Undefined variable: data D:\phpStudy\WWW\youleAPI\Application\Home\Controller\TestController.class.php 第 27 行.
INFO: [ app_end ] --START--
INFO: Run Behavior\ShowPageTraceBehavior [ RunTime:0.000760s ]
INFO: [ app_end ] --END-- [ RunTime:0.000812s ]

[ 2017-04-15T10:07:41+08:00 ] 127.0.0.1 /index.php/Home/Test/test?id=1
INFO: [ app_init ] --START--
INFO: Run Behavior\BuildLiteBehavior [ RunTime:0.000010s ]
INFO: [ app_init ] --END-- [ RunTime:0.000404s ]
INFO: [ app_begin ] --START--
INFO: Run Behavior\ReadHtmlCacheBehavior [ RunTime:0.000457s ]
INFO: [ app_begin ] --END-- [ RunTime:0.000489s ]
NOTIC: [8] Undefined variable: data D:\phpStudy\WWW\youleAPI\Application\Home\Controller\TestController.class.php 第 27 行.
INFO: [ app_end ] --START--
INFO: Run Behavior\ShowPageTraceBehavior [ RunTime:0.000463s ]
INFO: [ app_end ] --END-- [ RunTime:0.000493s ]

[ 2017-04-15T10:07:53+08:00 ] 127.0.0.1 /index.php/Home/Test/test?id=1
INFO: [ app_init ] --START--
INFO: Run Behavior\BuildLiteBehavior [ RunTime:0.000009s ]
INFO: [ app_init ] --END-- [ RunTime:0.000453s ]
INFO: [ app_begin ] --START--
INFO: Run Behavior\ReadHtmlCacheBehavior [ RunTime:0.000502s ]
INFO: [ app_begin ] --END-- [ RunTime:0.000536s ]
INFO: [ app_end ] --START--
INFO: Run Behavior\ShowPageTraceBehavior [ RunTime:0.000589s ]
INFO: [ app_end ] --END-- [ RunTime:0.000637s ]

[ 2017-04-15T10:08:16+08:00 ] 127.0.0.1 /index.php/Home/Test/test?id=1&sa=2
INFO: [ app_init ] --START--
INFO: Run Behavior\BuildLiteBehavior [ RunTime:0.000009s ]
INFO: [ app_init ] --END-- [ RunTime:0.000390s ]
INFO: [ app_begin ] --START--
INFO: Run Behavior\ReadHtmlCacheBehavior [ RunTime:0.000452s ]
INFO: [ app_begin ] --END-- [ RunTime:0.000485s ]
NOTIC: [8] Undefined variable: data D:\phpStudy\WWW\youleAPI\Application\Home\Controller\TestController.class.php 第 27 行.
NOTIC: [8] Undefined variable: data D:\phpStudy\WWW\youleAPI\Application\Home\Controller\TestController.class.php 第 27 行.
INFO: [ app_end ] --START--
INFO: Run Behavior\ShowPageTraceBehavior [ RunTime:0.000604s ]
INFO: [ app_end ] --END-- [ RunTime:0.000642s ]

[ 2017-04-15T10:08:46+08:00 ] 127.0.0.1 /index.php/Home/Test/test?id=1&sa=2
INFO: [ app_init ] --START--
INFO: Run Behavior\BuildLiteBehavior [ RunTime:0.000009s ]
INFO: [ app_init ] --END-- [ RunTime:0.000385s ]
INFO: [ app_begin ] --START--
INFO: Run Behavior\ReadHtmlCacheBehavior [ RunTime:0.000467s ]
INFO: [ app_begin ] --END-- [ RunTime:0.000501s ]
INFO: [ app_end ] --START--
INFO: Run Behavior\ShowPageTraceBehavior [ RunTime:0.000604s ]
INFO: [ app_end ] --END-- [ RunTime:0.000643s ]

[ 2017-04-15T10:17:04+08:00 ] 127.0.0.1 /index.php/Home/Test/test?id=1&sa=2
INFO: [ app_init ] --START--
INFO: Run Behavior\BuildLiteBehavior [ RunTime:0.000009s ]
INFO: [ app_init ] --END-- [ RunTime:0.000476s ]
INFO: [ app_begin ] --START--
INFO: Run Behavior\ReadHtmlCacheBehavior [ RunTime:0.000527s ]
INFO: [ app_begin ] --END-- [ RunTime:0.000562s ]
NOTIC: [8] Undefined variable: data D:\phpStudy\WWW\youleAPI\Application\Home\Controller\TestController.class.php 第 29 行.
NOTIC: [8] Undefined variable: data D:\phpStudy\WWW\youleAPI\Application\Home\Controller\TestController.class.php 第 29 行.
INFO: [ app_end ] --START--
INFO: Run Behavior\ShowPageTraceBehavior [ RunTime:0.000713s ]
INFO: [ app_end ] --END-- [ RunTime:0.000749s ]

[ 2017-04-15T10:17:18+08:00 ] 127.0.0.1 /index.php/Home/Test/test?id=1&sa=2
INFO: [ app_init ] --START--
INFO: Run Behavior\BuildLiteBehavior [ RunTime:0.000009s ]
INFO: [ app_init ] --END-- [ RunTime:0.000397s ]
INFO: [ app_begin ] --START--
INFO: Run Behavior\ReadHtmlCacheBehavior [ RunTime:0.000677s ]
INFO: [ app_begin ] --END-- [ RunTime:0.000720s ]
INFO: [ app_end ] --START--
INFO: Run Behavior\ShowPageTraceBehavior [ RunTime:0.000938s ]
INFO: [ app_end ] --END-- [ RunTime:0.000993s ]

[ 2017-04-15T10:17:25+08:00 ] 127.0.0.1 /index.php/Home/Test/test?id=1&sa=%202
INFO: [ app_init ] --START--
INFO: Run Behavior\BuildLiteBehavior [ RunTime:0.000009s ]
INFO: [ app_init ] --END-- [ RunTime:0.000401s ]
INFO: [ app_begin ] --START--
INFO: Run Behavior\ReadHtmlCacheBehavior [ RunTime:0.000448s ]
INFO: [ app_begin ] --END-- [ RunTime:0.000481s ]
INFO: [ app_end ] --START--
INFO: Run Behavior\ShowPageTraceBehavior [ RunTime:0.000451s ]
INFO: [ app_end ] --END-- [ RunTime:0.000487s ]

[ 2017-04-15T10:18:00+08:00 ] 127.0.0.1 /index.php/Home/Test/test?id=1&sa=%202
INFO: [ app_init ] --START--
INFO: Run Behavior\BuildLiteBehavior [ RunTime:0.000008s ]
INFO: [ app_init ] --END-- [ RunTime:0.000388s ]
INFO: [ app_begin ] --START--
INFO: Run Behavior\ReadHtmlCacheBehavior [ RunTime:0.000446s ]
INFO: [ app_begin ] --END-- [ RunTime:0.000479s ]
INFO: [ app_end ] --START--
INFO: Run Behavior\ShowPageTraceBehavior [ RunTime:0.000497s ]
INFO: [ app_end ] --END-- [ RunTime:0.000533s ]

[ 2017-04-15T10:18:17+08:00 ] 127.0.0.1 /index.php/Home/Test/test?id=1&sa=%27%202%27
INFO: [ app_init ] --START--
INFO: Run Behavior\BuildLiteBehavior [ RunTime:0.000009s ]
INFO: [ app_init ] --END-- [ RunTime:0.000388s ]
INFO: [ app_begin ] --START--
INFO: Run Behavior\ReadHtmlCacheBehavior [ RunTime:0.000437s ]
INFO: [ app_begin ] --END-- [ RunTime:0.000468s ]
INFO: [ app_end ] --START--
INFO: Run Behavior\ShowPageTraceBehavior [ RunTime:0.000452s ]
INFO: [ app_end ] --END-- [ RunTime:0.000501s ]

[ 2017-04-15T10:18:25+08:00 ] 127.0.0.1 /index.php/Home/Test/test?id=1&sa=%202
INFO: [ app_init ] --START--
INFO: Run Behavior\BuildLiteBehavior [ RunTime:0.000013s ]
INFO: [ app_init ] --END-- [ RunTime:0.000493s ]
INFO: [ app_begin ] --START--
INFO: Run Behavior\ReadHtmlCacheBehavior [ RunTime:0.000529s ]
INFO: [ app_begin ] --END-- [ RunTime:0.000569s ]
INFO: [ app_end ] --START--
INFO: Run Behavior\ShowPageTraceBehavior [ RunTime:0.000452s ]
INFO: [ app_end ] --END-- [ RunTime:0.000484s ]

[ 2017-04-15T10:19:36+08:00 ] 127.0.0.1 /index.php/Home/Test/test?id=1&sa=%202
INFO: [ app_init ] --START--
INFO: Run Behavior\BuildLiteBehavior [ RunTime:0.000009s ]
INFO: [ app_init ] --END-- [ RunTime:0.000478s ]
INFO: [ app_begin ] --START--
INFO: Run Behavior\ReadHtmlCacheBehavior [ RunTime:0.000531s ]
INFO: [ app_begin ] --END-- [ RunTime:0.000574s ]
INFO: [ app_end ] --START--
INFO: Run Behavior\ShowPageTraceBehavior [ RunTime:0.000567s ]
INFO: [ app_end ] --END-- [ RunTime:0.000607s ]

[ 2017-04-15T10:20:23+08:00 ] 127.0.0.1 /index.php/Home/Test/test?id=1&sa=%202
INFO: [ app_init ] --START--
INFO: Run Behavior\BuildLiteBehavior [ RunTime:0.000009s ]
INFO: [ app_init ] --END-- [ RunTime:0.000382s ]
INFO: [ app_begin ] --START--
INFO: Run Behavior\ReadHtmlCacheBehavior [ RunTime:0.000464s ]
INFO: [ app_begin ] --END-- [ RunTime:0.000497s ]
INFO: [ app_end ] --START--
INFO: Run Behavior\ShowPageTraceBehavior [ RunTime:0.000918s ]
INFO: [ app_end ] --END-- [ RunTime:0.000968s ]

[ 2017-04-15T10:20:40+08:00 ] 127.0.0.1 /index.php/Home/Test/test?id=1&sa=%202
INFO: [ app_init ] --START--
INFO: Run Behavior\BuildLiteBehavior [ RunTime:0.000009s ]
INFO: [ app_init ] --END-- [ RunTime:0.000385s ]
INFO: [ app_begin ] --START--
INFO: Run Behavior\ReadHtmlCacheBehavior [ RunTime:0.000466s ]
INFO: [ app_begin ] --END-- [ RunTime:0.000500s ]
INFO: [ app_end ] --START--
INFO: Run Behavior\ShowPageTraceBehavior [ RunTime:0.000538s ]
INFO: [ app_end ] --END-- [ RunTime:0.000583s ]

[ 2017-04-15T10:20:54+08:00 ] 127.0.0.1 /index.php/Home/Test/test?id=1&sa=%202
INFO: [ app_init ] --START--
INFO: Run Behavior\BuildLiteBehavior [ RunTime:0.000009s ]
INFO: [ app_init ] --END-- [ RunTime:0.000386s ]
INFO: [ app_begin ] --START--
INFO: Run Behavior\ReadHtmlCacheBehavior [ RunTime:0.000450s ]
INFO: [ app_begin ] --END-- [ RunTime:0.000483s ]
INFO: [ app_end ] --START--
INFO: Run Behavior\ShowPageTraceBehavior [ RunTime:0.000530s ]
INFO: [ app_end ] --END-- [ RunTime:0.000570s ]

[ 2017-04-15T10:21:07+08:00 ] 127.0.0.1 /index.php/Home/Test/test?id=1&sa=%202
INFO: [ app_init ] --START--
INFO: Run Behavior\BuildLiteBehavior [ RunTime:0.000010s ]
INFO: [ app_init ] --END-- [ RunTime:0.000386s ]
INFO: [ app_begin ] --START--
INFO: Run Behavior\ReadHtmlCacheBehavior [ RunTime:0.000571s ]
INFO: [ app_begin ] --END-- [ RunTime:0.000615s ]
INFO: [ app_end ] --START--
INFO: Run Behavior\ShowPageTraceBehavior [ RunTime:0.000519s ]
INFO: [ app_end ] --END-- [ RunTime:0.000561s ]

[ 2017-04-15T10:21:10+08:00 ] 127.0.0.1 /index.php/Home/Test/test?id=1&sa=%202
INFO: [ app_init ] --START--
INFO: Run Behavior\BuildLiteBehavior [ RunTime:0.000009s ]
INFO: [ app_init ] --END-- [ RunTime:0.000399s ]
INFO: [ app_begin ] --START--
INFO: Run Behavior\ReadHtmlCacheBehavior [ RunTime:0.000446s ]
INFO: [ app_begin ] --END-- [ RunTime:0.000478s ]
INFO: [ app_end ] --START--
INFO: Run Behavior\ShowPageTraceBehavior [ RunTime:0.000453s ]
INFO: [ app_end ] --END-- [ RunTime:0.000489s ]

[ 2017-04-15T10:24:49+08:00 ] 127.0.0.1 /index.php/Home/Test/test?id=1&sa=%202
INFO: [ app_init ] --START--
INFO: Run Behavior\BuildLiteBehavior [ RunTime:0.000009s ]
INFO: [ app_init ] --END-- [ RunTime:0.000489s ]
INFO: [ app_begin ] --START--
INFO: Run Behavior\ReadHtmlCacheBehavior [ RunTime:0.000552s ]
INFO: [ app_begin ] --END-- [ RunTime:0.000599s ]
INFO: [ app_end ] --START--
INFO: Run Behavior\ShowPageTraceBehavior [ RunTime:0.000629s ]
INFO: [ app_end ] --END-- [ RunTime:0.000672s ]

[ 2017-04-15T10:24:58+08:00 ] 127.0.0.1 /index.php/Home/Test/test?id=1&sa=%202
INFO: [ app_init ] --START--
INFO: Run Behavior\BuildLiteBehavior [ RunTime:0.000010s ]
INFO: [ app_init ] --END-- [ RunTime:0.000476s ]
INFO: [ app_begin ] --START--
INFO: Run Behavior\ReadHtmlCacheBehavior [ RunTime:0.000533s ]
INFO: [ app_begin ] --END-- [ RunTime:0.000568s ]
INFO: [ app_end ] --START--
INFO: Run Behavior\ShowPageTraceBehavior [ RunTime:0.000745s ]
INFO: [ app_end ] --END-- [ RunTime:0.000807s ]

[ 2017-04-15T10:35:32+08:00 ] 127.0.0.1 /index.php/Home/Test/test?id=1&sa=%202
INFO: [ app_init ] --START--
INFO: Run Behavior\BuildLiteBehavior [ RunTime:0.000010s ]
INFO: [ app_init ] --END-- [ RunTime:0.000488s ]
INFO: [ app_begin ] --START--
INFO: Run Behavior\ReadHtmlCacheBehavior [ RunTime:0.000631s ]
INFO: [ app_begin ] --END-- [ RunTime:0.000670s ]
NOTIC: [8] Undefined variable: password D:\phpStudy\WWW\youleAPI\Application\Home\Controller\TestController.class.php 第 27 行.
NOTIC: [8] Undefined variable: password D:\phpStudy\WWW\youleAPI\Application\Home\Controller\TestController.class.php 第 27 行.
INFO: [ app_end ] --START--
INFO: Run Behavior\ShowPageTraceBehavior [ RunTime:0.000848s ]
INFO: [ app_end ] --END-- [ RunTime:0.000886s ]

[ 2017-04-15T10:35:38+08:00 ] 127.0.0.1 /index.php/Home/Test/test?id=1&sa=1
INFO: [ app_init ] --START--
INFO: Run Behavior\BuildLiteBehavior [ RunTime:0.000010s ]
INFO: [ app_init ] --END-- [ RunTime:0.000393s ]
INFO: [ app_begin ] --START--
INFO: Run Behavior\ReadHtmlCacheBehavior [ RunTime:0.000470s ]
INFO: [ app_begin ] --END-- [ RunTime:0.000503s ]
NOTIC: [8] Undefined variable: password D:\phpStudy\WWW\youleAPI\Application\Home\Controller\TestController.class.php 第 27 行.
NOTIC: [8] Undefined variable: password D:\phpStudy\WWW\youleAPI\Application\Home\Controller\TestController.class.php 第 27 行.
INFO: [ app_end ] --START--
INFO: Run Behavior\ShowPageTraceBehavior [ RunTime:0.000468s ]
INFO: [ app_end ] --END-- [ RunTime:0.000498s ]

[ 2017-04-15T10:39:42+08:00 ] 127.0.0.1 /index.php/Home/Test/test?id=1&sa=1
INFO: [ app_init ] --START--
INFO: Run Behavior\BuildLiteBehavior [ RunTime:0.000009s ]
INFO: [ app_init ] --END-- [ RunTime:0.000496s ]
INFO: [ app_begin ] --START--
INFO: Run Behavior\ReadHtmlCacheBehavior [ RunTime:0.000554s ]
INFO: [ app_begin ] --END-- [ RunTime:0.000593s ]

[ 2017-04-15T10:40:09+08:00 ] 127.0.0.1 /index.php/Home/Test/test?id=1&sa=1
INFO: [ app_init ] --START--
INFO: Run Behavior\BuildLiteBehavior [ RunTime:0.000009s ]
INFO: [ app_init ] --END-- [ RunTime:0.000392s ]
INFO: [ app_begin ] --START--
INFO: Run Behavior\ReadHtmlCacheBehavior [ RunTime:0.000464s ]
INFO: [ app_begin ] --END-- [ RunTime:0.000497s ]
INFO: [ app_end ] --START--
INFO: Run Behavior\ShowPageTraceBehavior [ RunTime:0.000571s ]
INFO: [ app_end ] --END-- [ RunTime:0.000612s ]

[ 2017-04-15T10:40:16+08:00 ] 127.0.0.1 /index.php/Home/Test/test?id=1&sa=%20%201
INFO: [ app_init ] --START--
INFO: Run Behavior\BuildLiteBehavior [ RunTime:0.000010s ]
INFO: [ app_init ] --END-- [ RunTime:0.000412s ]
INFO: [ app_begin ] --START--
INFO: Run Behavior\ReadHtmlCacheBehavior [ RunTime:0.000470s ]
INFO: [ app_begin ] --END-- [ RunTime:0.000511s ]
INFO: [ app_end ] --START--
INFO: Run Behavior\ShowPageTraceBehavior [ RunTime:0.000459s ]
INFO: [ app_end ] --END-- [ RunTime:0.000494s ]

[ 2017-04-15T10:40:24+08:00 ] 127.0.0.1 /index.php/Home/Test/test?id=%201%20&sa=%20%201
INFO: [ app_init ] --START--
INFO: Run Behavior\BuildLiteBehavior [ RunTime:0.000009s ]
INFO: [ app_init ] --END-- [ RunTime:0.000396s ]
INFO: [ app_begin ] --START--
INFO: Run Behavior\ReadHtmlCacheBehavior [ RunTime:0.000962s ]
INFO: [ app_begin ] --END-- [ RunTime:0.001038s ]
INFO: [ app_end ] --START--
INFO: Run Behavior\ShowPageTraceBehavior [ RunTime:0.000508s ]
INFO: [ app_end ] --END-- [ RunTime:0.000549s ]

[ 2017-04-15T11:10:55+08:00 ] 127.0.0.1 /index.php/Home/User/register
INFO: [ app_init ] --START--
INFO: Run Behavior\BuildLiteBehavior [ RunTime:0.000009s ]
INFO: [ app_init ] --END-- [ RunTime:0.000475s ]
INFO: [ app_begin ] --START--
INFO: Run Behavior\ReadHtmlCacheBehavior [ RunTime:0.000546s ]
INFO: [ app_begin ] --END-- [ RunTime:0.000583s ]

[ 2017-04-15T11:11:16+08:00 ] 127.0.0.1 /index.php/Home/User/register
INFO: [ app_init ] --START--
INFO: Run Behavior\BuildLiteBehavior [ RunTime:0.000012s ]
INFO: [ app_init ] --END-- [ RunTime:0.000731s ]
INFO: [ app_begin ] --START--
INFO: Run Behavior\ReadHtmlCacheBehavior [ RunTime:0.000538s ]
INFO: [ app_begin ] --END-- [ RunTime:0.000586s ]

[ 2017-04-15T11:13:15+08:00 ] 127.0.0.1 /index.php/Home/User/register
INFO: [ app_init ] --START--
INFO: Run Behavior\BuildLiteBehavior [ RunTime:0.000016s ]
INFO: [ app_init ] --END-- [ RunTime:0.000696s ]
INFO: [ app_begin ] --START--
INFO: Run Behavior\ReadHtmlCacheBehavior [ RunTime:0.000899s ]
INFO: [ app_begin ] --END-- [ RunTime:0.000960s ]

[ 2017-04-15T11:13:34+08:00 ] 127.0.0.1 /index.php/Home/User/register
INFO: [ app_init ] --START--
INFO: Run Behavior\BuildLiteBehavior [ RunTime:0.000017s ]
INFO: [ app_init ] --END-- [ RunTime:0.001340s ]
INFO: [ app_begin ] --START--
INFO: Run Behavior\ReadHtmlCacheBehavior [ RunTime:0.000911s ]
INFO: [ app_begin ] --END-- [ RunTime:0.000970s ]

[ 2017-04-15T11:13:45+08:00 ] 127.0.0.1 /index.php/Home/User/register
INFO: [ app_init ] --START--
INFO: Run Behavior\BuildLiteBehavior [ RunTime:0.000012s ]
INFO: [ app_init ] --END-- [ RunTime:0.000668s ]
INFO: [ app_begin ] --START--
INFO: Run Behavior\ReadHtmlCacheBehavior [ RunTime:0.000947s ]
INFO: [ app_begin ] --END-- [ RunTime:0.001008s ]
NOTIC: [2] array_keys() expects parameter 1 to be array, null given D:\phpStudy\WWW\youleAPI\Application\Common\Controller\BaseController.class.php 第 44 行.
NOTIC: [2] array_intersect(): Argument #1 is not an array D:\phpStudy\WWW\youleAPI\Application\Common\Controller\BaseController.class.php 第 46 行.
NOTIC: [2] Missing argument 3 for Common\Controller\BaseController::returnJson(), called in D:\phpStudy\WWW\youleAPI\Application\Home\Controller\UserController.class.php on line 22 and defined D:\phpStudy\WWW\youleAPI\Application\Common\Controller\BaseController.class.php 第 23 行.
NOTIC: [8] Undefined variable: data D:\phpStudy\WWW\youleAPI\Application\Common\Controller\BaseController.class.php 第 29 行.
NOTIC: [8] Use of undefined constant API_DEBUG - assumed 'API_DEBUG' D:\phpStudy\WWW\youleAPI\Application\Common\Controller\BaseController.class.php 第 31 行.

[ 2017-04-15T11:15:01+08:00 ] 127.0.0.1 /index.php/Home/User/register
INFO: [ app_init ] --START--
INFO: Run Behavior\BuildLiteBehavior [ RunTime:0.000010s ]
INFO: [ app_init ] --END-- [ RunTime:0.000542s ]
INFO: [ app_begin ] --START--
INFO: Run Behavior\ReadHtmlCacheBehavior [ RunTime:0.000614s ]
INFO: [ app_begin ] --END-- [ RunTime:0.000657s ]
NOTIC: [2] array_keys() expects parameter 1 to be array, null given D:\phpStudy\WWW\youleAPI\Application\Common\Controller\BaseController.class.php 第 44 行.
NOTIC: [2] array_intersect(): Argument #1 is not an array D:\phpStudy\WWW\youleAPI\Application\Common\Controller\BaseController.class.php 第 46 行.
NOTIC: [2] Missing argument 3 for Common\Controller\BaseController::returnJson(), called in D:\phpStudy\WWW\youleAPI\Application\Home\Controller\UserController.class.php on line 22 and defined D:\phpStudy\WWW\youleAPI\Application\Common\Controller\BaseController.class.php 第 23 行.
NOTIC: [8] Undefined variable: data D:\phpStudy\WWW\youleAPI\Application\Common\Controller\BaseController.class.php 第 29 行.
NOTIC: [8] Use of undefined constant API_DEBUG - assumed 'API_DEBUG' D:\phpStudy\WWW\youleAPI\Application\Common\Controller\BaseController.class.php 第 31 行.

[ 2017-04-15T11:16:13+08:00 ] 127.0.0.1 /index.php/Home/User/register
INFO: [ app_init ] --START--
INFO: Run Behavior\BuildLiteBehavior [ RunTime:0.000009s ]
INFO: [ app_init ] --END-- [ RunTime:0.000554s ]
INFO: [ app_begin ] --START--
INFO: Run Behavior\ReadHtmlCacheBehavior [ RunTime:0.000595s ]
INFO: [ app_begin ] --END-- [ RunTime:0.000628s ]
NOTIC: [2] array_keys() expects parameter 1 to be array, null given D:\phpStudy\WWW\youleAPI\Application\Common\Controller\BaseController.class.php 第 45 行.
NOTIC: [2] array_intersect(): Argument #1 is not an array D:\phpStudy\WWW\youleAPI\Application\Common\Controller\BaseController.class.php 第 47 行.
NOTIC: [2] Missing argument 3 for Common\Controller\BaseController::returnJson(), called in D:\phpStudy\WWW\youleAPI\Application\Home\Controller\UserController.class.php on line 22 and defined D:\phpStudy\WWW\youleAPI\Application\Common\Controller\BaseController.class.php 第 24 行.
NOTIC: [8] Undefined variable: data D:\phpStudy\WWW\youleAPI\Application\Common\Controller\BaseController.class.php 第 30 行.
NOTIC: [8] Use of undefined constant API_DEBUG - assumed 'API_DEBUG' D:\phpStudy\WWW\youleAPI\Application\Common\Controller\BaseController.class.php 第 32 行.

[ 2017-04-15T11:17:00+08:00 ] 127.0.0.1 /index.php/Home/User/register
INFO: [ app_init ] --START--
INFO: Run Behavior\BuildLiteBehavior [ RunTime:0.000009s ]
INFO: [ app_init ] --END-- [ RunTime:0.000480s ]
INFO: [ app_begin ] --START--
INFO: Run Behavior\ReadHtmlCacheBehavior [ RunTime:0.000522s ]
INFO: [ app_begin ] --END-- [ RunTime:0.000559s ]
SQL: SHOW COLUMNS FROM `table_user` [ RunTime:0.0080s ]
SQL: SELECT * FROM `table_user` WHERE `mobile` = '15811205357'  [ RunTime:0.0083s ]
NOTIC: [2] Missing argument 3 for Common\Controller\BaseController::returnJson(), called in D:\phpStudy\WWW\youleAPI\Application\Home\Controller\UserController.class.php on line 42 and defined D:\phpStudy\WWW\youleAPI\Application\Common\Controller\BaseController.class.php 第 24 行.
NOTIC: [8] Undefined variable: data D:\phpStudy\WWW\youleAPI\Application\Common\Controller\BaseController.class.php 第 30 行.
NOTIC: [8] Use of undefined constant API_DEBUG - assumed 'API_DEBUG' D:\phpStudy\WWW\youleAPI\Application\Common\Controller\BaseController.class.php 第 32 行.

[ 2017-04-15T11:17:00+08:00 ] 127.0.0.1 /index.php/Home/Test/register
INFO: [ app_init ] --START--
INFO: Run Behavior\BuildLiteBehavior [ RunTime:0.000009s ]
INFO: [ app_init ] --END-- [ RunTime:0.000576s ]
INFO: [ app_begin ] --START--
INFO: Run Behavior\ReadHtmlCacheBehavior [ RunTime:0.000549s ]
INFO: [ app_begin ] --END-- [ RunTime:0.000584s ]

[ 2017-04-15T11:18:32+08:00 ] 127.0.0.1 /index.php/Home/User/register
INFO: [ app_init ] --START--
INFO: Run Behavior\BuildLiteBehavior [ RunTime:0.000016s ]
INFO: [ app_init ] --END-- [ RunTime:0.000786s ]
INFO: [ app_begin ] --START--
INFO: Run Behavior\ReadHtmlCacheBehavior [ RunTime:0.000609s ]
INFO: [ app_begin ] --END-- [ RunTime:0.000653s ]
SQL: SHOW COLUMNS FROM `table_user` [ RunTime:0.0068s ]
SQL: SELECT * FROM `table_user` WHERE `mobile` = '15811205357'  [ RunTime:0.0068s ]
NOTIC: [2] Missing argument 3 for Common\Controller\BaseController::returnJson(), called in D:\phpStudy\WWW\youleAPI\Application\Home\Controller\UserController.class.php on line 42 and defined D:\phpStudy\WWW\youleAPI\Application\Common\Controller\BaseController.class.php 第 24 行.
NOTIC: [8] Undefined variable: data D:\phpStudy\WWW\youleAPI\Application\Common\Controller\BaseController.class.php 第 30 行.
NOTIC: [8] Use of undefined constant API_DEBUG - assumed 'API_DEBUG' D:\phpStudy\WWW\youleAPI\Application\Common\Controller\BaseController.class.php 第 32 行.

[ 2017-04-15T11:18:32+08:00 ] 127.0.0.1 /index.php/Home/Test/register
INFO: [ app_init ] --START--
INFO: Run Behavior\BuildLiteBehavior [ RunTime:0.000015s ]
INFO: [ app_init ] --END-- [ RunTime:0.000855s ]
INFO: [ app_begin ] --START--
INFO: Run Behavior\ReadHtmlCacheBehavior [ RunTime:0.000698s ]
INFO: [ app_begin ] --END-- [ RunTime:0.000755s ]

[ 2017-04-15T11:19:50+08:00 ] ::1 /youleAPI/
INFO: [ app_init ] --START--
INFO: Run Behavior\BuildLiteBehavior [ RunTime:0.000017s ]
INFO: [ app_init ] --END-- [ RunTime:0.000741s ]
INFO: [ app_begin ] --START--
INFO: Run Behavior\ReadHtmlCacheBehavior [ RunTime:0.000728s ]
INFO: [ app_begin ] --END-- [ RunTime:0.000791s ]
INFO: [ app_end ] --START--
INFO: Run Behavior\ShowPageTraceBehavior [ RunTime:0.000661s ]
INFO: [ app_end ] --END-- [ RunTime:0.000714s ]

[ 2017-04-15T11:21:09+08:00 ] 127.0.0.1 /youleAPI/index.php/Home/Test/register
INFO: [ app_init ] --START--
INFO: Run Behavior\BuildLiteBehavior [ RunTime:0.000014s ]
INFO: [ app_init ] --END-- [ RunTime:0.000732s ]
INFO: [ app_begin ] --START--
INFO: Run Behavior\ReadHtmlCacheBehavior [ RunTime:0.002806s ]
INFO: [ app_begin ] --END-- [ RunTime:0.002981s ]
NOTIC: [2] session_start(): Cannot send session cookie - headers already sent D:\phpStudy\WWW\youleAPI\ThinkPHP\Common\functions.php 第 1263 行.
NOTIC: [2] session_start(): Cannot send session cache limiter - headers already sent D:\phpStudy\WWW\youleAPI\ThinkPHP\Common\functions.php 第 1263 行.

[ 2017-04-15T11:25:08+08:00 ] 127.0.0.1 /index.php/Home/Test/register
INFO: [ app_init ] --START--
INFO: Run Behavior\BuildLiteBehavior [ RunTime:0.000008s ]
INFO: [ app_init ] --END-- [ RunTime:0.000449s ]
INFO: [ app_begin ] --START--
INFO: Run Behavior\ReadHtmlCacheBehavior [ RunTime:0.000497s ]
INFO: [ app_begin ] --END-- [ RunTime:0.000534s ]

[ 2017-04-15T11:26:13+08:00 ] 127.0.0.1 /index.php/Home/User/register
INFO: [ app_init ] --START--
INFO: Run Behavior\BuildLiteBehavior [ RunTime:0.000015s ]
INFO: [ app_init ] --END-- [ RunTime:0.000757s ]
INFO: [ app_begin ] --START--
INFO: Run Behavior\ReadHtmlCacheBehavior [ RunTime:0.001008s ]
INFO: [ app_begin ] --END-- [ RunTime:0.001076s ]
SQL: SHOW COLUMNS FROM `table_user` [ RunTime:0.0070s ]
SQL: SELECT * FROM `table_user` WHERE `mobile` = '15811205357'  [ RunTime:0.0057s ]
NOTIC: [2] Missing argument 3 for Common\Controller\BaseController::returnJson(), called in D:\phpStudy\WWW\youleAPI\Application\Home\Controller\UserController.class.php on line 42 and defined D:\phpStudy\WWW\youleAPI\Application\Common\Controller\BaseController.class.php 第 24 行.
NOTIC: [8] Undefined variable: data D:\phpStudy\WWW\youleAPI\Application\Common\Controller\BaseController.class.php 第 30 行.
NOTIC: [8] Use of undefined constant API_DEBUG - assumed 'API_DEBUG' D:\phpStudy\WWW\youleAPI\Application\Common\Controller\BaseController.class.php 第 32 行.

[ 2017-04-15T11:26:13+08:00 ] 127.0.0.1 /youleAPI/index.php/Home/Test/register
INFO: [ app_init ] --START--
INFO: Run Behavior\BuildLiteBehavior [ RunTime:0.000016s ]
INFO: [ app_init ] --END-- [ RunTime:0.000548s ]
INFO: [ app_begin ] --START--
INFO: Run Behavior\ReadHtmlCacheBehavior [ RunTime:0.000547s ]
INFO: [ app_begin ] --END-- [ RunTime:0.000603s ]
NOTIC: [2] session_start(): Cannot send session cookie - headers already sent D:\phpStudy\WWW\youleAPI\ThinkPHP\Common\functions.php 第 1263 行.
NOTIC: [2] session_start(): Cannot send session cache limiter - headers already sent D:\phpStudy\WWW\youleAPI\ThinkPHP\Common\functions.php 第 1263 行.

[ 2017-04-15T11:26:21+08:00 ] 127.0.0.1 /index.php/Home/User/register
INFO: [ app_init ] --START--
INFO: Run Behavior\BuildLiteBehavior [ RunTime:0.000010s ]
INFO: [ app_init ] --END-- [ RunTime:0.000541s ]
INFO: [ app_begin ] --START--
INFO: Run Behavior\ReadHtmlCacheBehavior [ RunTime:0.000510s ]
INFO: [ app_begin ] --END-- [ RunTime:0.000548s ]
SQL: SHOW COLUMNS FROM `table_user` [ RunTime:0.0078s ]
SQL: SELECT * FROM `table_user` WHERE `mobile` = '15811205357'  [ RunTime:0.0065s ]
NOTIC: [2] Missing argument 3 for Common\Controller\BaseController::returnJson(), called in D:\phpStudy\WWW\youleAPI\Application\Home\Controller\UserController.class.php on line 42 and defined D:\phpStudy\WWW\youleAPI\Application\Common\Controller\BaseController.class.php 第 24 行.
NOTIC: [8] Undefined variable: data D:\phpStudy\WWW\youleAPI\Application\Common\Controller\BaseController.class.php 第 30 行.
NOTIC: [8] Use of undefined constant API_DEBUG - assumed 'API_DEBUG' D:\phpStudy\WWW\youleAPI\Application\Common\Controller\BaseController.class.php 第 32 行.

[ 2017-04-15T11:26:21+08:00 ] 127.0.0.1 /youleAPI/index.php/Home/Test/register
INFO: [ app_init ] --START--
INFO: Run Behavior\BuildLiteBehavior [ RunTime:0.000027s ]
INFO: [ app_init ] --END-- [ RunTime:0.001013s ]
INFO: [ app_begin ] --START--
INFO: Run Behavior\ReadHtmlCacheBehavior [ RunTime:0.000933s ]
INFO: [ app_begin ] --END-- [ RunTime:0.001009s ]
NOTIC: [2] session_start(): Cannot send session cookie - headers already sent D:\phpStudy\WWW\youleAPI\ThinkPHP\Common\functions.php 第 1263 行.
NOTIC: [2] session_start(): Cannot send session cache limiter - headers already sent D:\phpStudy\WWW\youleAPI\ThinkPHP\Common\functions.php 第 1263 行.

[ 2017-04-15T11:26:51+08:00 ] 127.0.0.1 /index.php/Home/User/register
INFO: [ app_init ] --START--
INFO: Run Behavior\BuildLiteBehavior [ RunTime:0.000010s ]
INFO: [ app_init ] --END-- [ RunTime:0.000409s ]
INFO: [ app_begin ] --START--
INFO: Run Behavior\ReadHtmlCacheBehavior [ RunTime:0.000498s ]
INFO: [ app_begin ] --END-- [ RunTime:0.000537s ]
SQL: SHOW COLUMNS FROM `table_user` [ RunTime:0.0120s ]
SQL: SELECT * FROM `table_user` WHERE `mobile` = '15811205357'  [ RunTime:0.0065s ]
NOTIC: [2] Missing argument 3 for Common\Controller\BaseController::returnJson(), called in D:\phpStudy\WWW\youleAPI\Application\Home\Controller\UserController.class.php on line 42 and defined D:\phpStudy\WWW\youleAPI\Application\Common\Controller\BaseController.class.php 第 24 行.
NOTIC: [8] Undefined variable: data D:\phpStudy\WWW\youleAPI\Application\Common\Controller\BaseController.class.php 第 30 行.
NOTIC: [8] Use of undefined constant API_DEBUG - assumed 'API_DEBUG' D:\phpStudy\WWW\youleAPI\Application\Common\Controller\BaseController.class.php 第 32 行.

[ 2017-04-15T11:26:51+08:00 ] 127.0.0.1 /youleAPI/index.php/Home/Test/register
INFO: [ app_init ] --START--
INFO: Run Behavior\BuildLiteBehavior [ RunTime:0.000009s ]
INFO: [ app_init ] --END-- [ RunTime:0.000418s ]
INFO: [ app_begin ] --START--
INFO: Run Behavior\ReadHtmlCacheBehavior [ RunTime:0.000462s ]
INFO: [ app_begin ] --END-- [ RunTime:0.000496s ]
NOTIC: [2] session_start(): Cannot send session cookie - headers already sent D:\phpStudy\WWW\youleAPI\ThinkPHP\Common\functions.php 第 1263 行.
NOTIC: [2] session_start(): Cannot send session cache limiter - headers already sent D:\phpStudy\WWW\youleAPI\ThinkPHP\Common\functions.php 第 1263 行.

[ 2017-04-15T11:27:31+08:00 ] 127.0.0.1 /index.php/Home/User/register
INFO: [ app_init ] --START--
INFO: Run Behavior\BuildLiteBehavior [ RunTime:0.000009s ]
INFO: [ app_init ] --END-- [ RunTime:0.000404s ]
INFO: [ app_begin ] --START--
INFO: Run Behavior\ReadHtmlCacheBehavior [ RunTime:0.000457s ]
INFO: [ app_begin ] --END-- [ RunTime:0.000497s ]
SQL: SHOW COLUMNS FROM `table_user` [ RunTime:0.0064s ]
SQL: SELECT * FROM `table_user` WHERE `mobile` = '15811205357'  [ RunTime:0.0096s ]
NOTIC: [2] Missing argument 3 for Common\Controller\BaseController::returnJson(), called in D:\phpStudy\WWW\youleAPI\Application\Home\Controller\UserController.class.php on line 42 and defined D:\phpStudy\WWW\youleAPI\Application\Common\Controller\BaseController.class.php 第 24 行.
NOTIC: [8] Undefined variable: data D:\phpStudy\WWW\youleAPI\Application\Common\Controller\BaseController.class.php 第 30 行.
NOTIC: [8] Use of undefined constant API_DEBUG - assumed 'API_DEBUG' D:\phpStudy\WWW\youleAPI\Application\Common\Controller\BaseController.class.php 第 32 行.

[ 2017-04-15T11:27:31+08:00 ] 127.0.0.1 /youleAPI/index.php/Home/Test/register
INFO: [ app_init ] --START--
INFO: Run Behavior\BuildLiteBehavior [ RunTime:0.000013s ]
INFO: [ app_init ] --END-- [ RunTime:0.000480s ]
INFO: [ app_begin ] --START--
INFO: Run Behavior\ReadHtmlCacheBehavior [ RunTime:0.000480s ]
INFO: [ app_begin ] --END-- [ RunTime:0.000516s ]
NOTIC: [2] session_start(): Cannot send session cookie - headers already sent D:\phpStudy\WWW\youleAPI\ThinkPHP\Common\functions.php 第 1263 行.
NOTIC: [2] session_start(): Cannot send session cache limiter - headers already sent D:\phpStudy\WWW\youleAPI\ThinkPHP\Common\functions.php 第 1263 行.

[ 2017-04-15T11:28:17+08:00 ] 127.0.0.1 /index.php/Home/User/register
INFO: [ app_init ] --START--
INFO: Run Behavior\BuildLiteBehavior [ RunTime:0.000009s ]
INFO: [ app_init ] --END-- [ RunTime:0.000411s ]
INFO: [ app_begin ] --START--
INFO: Run Behavior\ReadHtmlCacheBehavior [ RunTime:0.000445s ]
INFO: [ app_begin ] --END-- [ RunTime:0.000478s ]
SQL: SHOW COLUMNS FROM `table_user` [ RunTime:0.1191s ]
SQL: SELECT * FROM `table_user` WHERE `mobile` = '15811205357'  [ RunTime:0.0067s ]
NOTIC: [2] Missing argument 3 for Common\Controller\BaseController::returnJson(), called in D:\phpStudy\WWW\youleAPI\Application\Home\Controller\UserController.class.php on line 42 and defined D:\phpStudy\WWW\youleAPI\Application\Common\Controller\BaseController.class.php 第 24 行.
NOTIC: [8] Undefined variable: data D:\phpStudy\WWW\youleAPI\Application\Common\Controller\BaseController.class.php 第 30 行.
NOTIC: [8] Use of undefined constant API_DEBUG - assumed 'API_DEBUG' D:\phpStudy\WWW\youleAPI\Application\Common\Controller\BaseController.class.php 第 32 行.

[ 2017-04-15T11:28:17+08:00 ] 127.0.0.1 /youleAPI/index.php/Home/Test/register
INFO: [ app_init ] --START--
INFO: Run Behavior\BuildLiteBehavior [ RunTime:0.000026s ]
INFO: [ app_init ] --END-- [ RunTime:0.003491s ]
INFO: [ app_begin ] --START--
INFO: Run Behavior\ReadHtmlCacheBehavior [ RunTime:0.000818s ]
INFO: [ app_begin ] --END-- [ RunTime:0.000875s ]
NOTIC: [2] session_start(): Cannot send session cookie - headers already sent D:\phpStudy\WWW\youleAPI\ThinkPHP\Common\functions.php 第 1263 行.
NOTIC: [2] session_start(): Cannot send session cache limiter - headers already sent D:\phpStudy\WWW\youleAPI\ThinkPHP\Common\functions.php 第 1263 行.

[ 2017-04-15T11:28:23+08:00 ] 127.0.0.1 /index.php/Home/User/register
INFO: [ app_init ] --START--
INFO: Run Behavior\BuildLiteBehavior [ RunTime:0.000010s ]
INFO: [ app_init ] --END-- [ RunTime:0.000440s ]
INFO: [ app_begin ] --START--
INFO: Run Behavior\ReadHtmlCacheBehavior [ RunTime:0.000683s ]
INFO: [ app_begin ] --END-- [ RunTime:0.000736s ]
SQL: SHOW COLUMNS FROM `table_user` [ RunTime:0.0057s ]
SQL: SELECT * FROM `table_user` WHERE `mobile` = '15811205357'  [ RunTime:0.0053s ]
NOTIC: [2] Missing argument 3 for Common\Controller\BaseController::returnJson(), called in D:\phpStudy\WWW\youleAPI\Application\Home\Controller\UserController.class.php on line 42 and defined D:\phpStudy\WWW\youleAPI\Application\Common\Controller\BaseController.class.php 第 24 行.
NOTIC: [8] Undefined variable: data D:\phpStudy\WWW\youleAPI\Application\Common\Controller\BaseController.class.php 第 30 行.
NOTIC: [8] Use of undefined constant API_DEBUG - assumed 'API_DEBUG' D:\phpStudy\WWW\youleAPI\Application\Common\Controller\BaseController.class.php 第 32 行.

[ 2017-04-15T11:28:23+08:00 ] 127.0.0.1 /index.php/Home/Test/register
INFO: [ app_init ] --START--
INFO: Run Behavior\BuildLiteBehavior [ RunTime:0.000024s ]
INFO: [ app_init ] --END-- [ RunTime:0.000516s ]
INFO: [ app_begin ] --START--
INFO: Run Behavior\ReadHtmlCacheBehavior [ RunTime:0.000733s ]
INFO: [ app_begin ] --END-- [ RunTime:0.000783s ]

[ 2017-04-15T11:33:42+08:00 ] 127.0.0.1 /index.php/Home/User/register
INFO: [ app_init ] --START--
INFO: Run Behavior\BuildLiteBehavior [ RunTime:0.000015s ]
INFO: [ app_init ] --END-- [ RunTime:0.000826s ]
INFO: [ app_begin ] --START--
INFO: Run Behavior\ReadHtmlCacheBehavior [ RunTime:0.000584s ]
INFO: [ app_begin ] --END-- [ RunTime:0.000628s ]
SQL: SHOW COLUMNS FROM `table_user` [ RunTime:0.0062s ]
SQL: SELECT * FROM `table_user` WHERE `mobile` = '15811205357'  [ RunTime:0.0063s ]
NOTIC: [2] Missing argument 3 for Common\Controller\BaseController::returnJson(), called in D:\phpStudy\WWW\youleAPI\Application\Home\Controller\UserController.class.php on line 42 and defined D:\phpStudy\WWW\youleAPI\Application\Common\Controller\BaseController.class.php 第 24 行.
NOTIC: [8] Undefined variable: data D:\phpStudy\WWW\youleAPI\Application\Common\Controller\BaseController.class.php 第 30 行.

[ 2017-04-15T11:33:42+08:00 ] 127.0.0.1 /index.php/Home/Test/register
INFO: [ app_init ] --START--
INFO: Run Behavior\BuildLiteBehavior [ RunTime:0.000012s ]
INFO: [ app_init ] --END-- [ RunTime:0.000704s ]
INFO: [ app_begin ] --START--
INFO: Run Behavior\ReadHtmlCacheBehavior [ RunTime:0.000757s ]
INFO: [ app_begin ] --END-- [ RunTime:0.000820s ]

[ 2017-04-15T11:33:46+08:00 ] 127.0.0.1 /index.php/Home/User/register
INFO: [ app_init ] --START--
INFO: Run Behavior\BuildLiteBehavior [ RunTime:0.000009s ]
INFO: [ app_init ] --END-- [ RunTime:0.000395s ]
INFO: [ app_begin ] --START--
INFO: Run Behavior\ReadHtmlCacheBehavior [ RunTime:0.000544s ]
INFO: [ app_begin ] --END-- [ RunTime:0.000593s ]
SQL: SHOW COLUMNS FROM `table_user` [ RunTime:0.0096s ]
SQL: SELECT * FROM `table_user` WHERE `mobile` = '15811205357'  [ RunTime:0.0065s ]
NOTIC: [2] Missing argument 3 for Common\Controller\BaseController::returnJson(), called in D:\phpStudy\WWW\youleAPI\Application\Home\Controller\UserController.class.php on line 42 and defined D:\phpStudy\WWW\youleAPI\Application\Common\Controller\BaseController.class.php 第 24 行.
NOTIC: [8] Undefined variable: data D:\phpStudy\WWW\youleAPI\Application\Common\Controller\BaseController.class.php 第 30 行.

[ 2017-04-15T11:33:46+08:00 ] 127.0.0.1 /youleAPI/index.php/Home/Test/register
INFO: [ app_init ] --START--
INFO: Run Behavior\BuildLiteBehavior [ RunTime:0.000012s ]
INFO: [ app_init ] --END-- [ RunTime:0.000567s ]
INFO: [ app_begin ] --START--
INFO: Run Behavior\ReadHtmlCacheBehavior [ RunTime:0.000551s ]
INFO: [ app_begin ] --END-- [ RunTime:0.000620s ]
NOTIC: [2] session_start(): Cannot send session cookie - headers already sent D:\phpStudy\WWW\youleAPI\ThinkPHP\Common\functions.php 第 1263 行.
NOTIC: [2] session_start(): Cannot send session cache limiter - headers already sent D:\phpStudy\WWW\youleAPI\ThinkPHP\Common\functions.php 第 1263 行.

[ 2017-04-15T11:33:56+08:00 ] 127.0.0.1 /index.php/Home/User/register
INFO: [ app_init ] --START--
INFO: Run Behavior\BuildLiteBehavior [ RunTime:0.000035s ]
INFO: [ app_init ] --END-- [ RunTime:0.000659s ]
INFO: [ app_begin ] --START--
INFO: Run Behavior\ReadHtmlCacheBehavior [ RunTime:0.000651s ]
INFO: [ app_begin ] --END-- [ RunTime:0.000696s ]
SQL: SHOW COLUMNS FROM `table_user` [ RunTime:0.0063s ]
SQL: SELECT * FROM `table_user` WHERE `mobile` = '15811205357'  [ RunTime:0.0057s ]
NOTIC: [2] Missing argument 3 for Common\Controller\BaseController::returnJson(), called in D:\phpStudy\WWW\youleAPI\Application\Home\Controller\UserController.class.php on line 42 and defined D:\phpStudy\WWW\youleAPI\Application\Common\Controller\BaseController.class.php 第 24 行.
NOTIC: [8] Undefined variable: data D:\phpStudy\WWW\youleAPI\Application\Common\Controller\BaseController.class.php 第 30 行.

[ 2017-04-15T11:33:56+08:00 ] 127.0.0.1 /youleAPI/index.php/Home/Test/register
INFO: [ app_init ] --START--
INFO: Run Behavior\BuildLiteBehavior [ RunTime:0.000009s ]
INFO: [ app_init ] --END-- [ RunTime:0.000391s ]
INFO: [ app_begin ] --START--
INFO: Run Behavior\ReadHtmlCacheBehavior [ RunTime:0.000698s ]
INFO: [ app_begin ] --END-- [ RunTime:0.000754s ]
NOTIC: [2] session_start(): Cannot send session cookie - headers already sent D:\phpStudy\WWW\youleAPI\ThinkPHP\Common\functions.php 第 1263 行.
NOTIC: [2] session_start(): Cannot send session cache limiter - headers already sent D:\phpStudy\WWW\youleAPI\ThinkPHP\Common\functions.php 第 1263 行.

[ 2017-04-15T11:36:09+08:00 ] 127.0.0.1 /youleAPI/index.php/Home/Test/register
INFO: [ app_init ] --START--
INFO: Run Behavior\BuildLiteBehavior [ RunTime:0.000009s ]
INFO: [ app_init ] --END-- [ RunTime:0.000453s ]
INFO: [ app_begin ] --START--
INFO: Run Behavior\ReadHtmlCacheBehavior [ RunTime:0.000501s ]
INFO: [ app_begin ] --END-- [ RunTime:0.000535s ]
NOTIC: [2] session_start(): Cannot send session cookie - headers already sent D:\phpStudy\WWW\youleAPI\ThinkPHP\Common\functions.php 第 1263 行.
NOTIC: [2] session_start(): Cannot send session cache limiter - headers already sent D:\phpStudy\WWW\youleAPI\ThinkPHP\Common\functions.php 第 1263 行.

[ 2017-04-15T11:36:25+08:00 ] 127.0.0.1 /youleAPI/index.php/Home/Test/register
INFO: [ app_init ] --START--
INFO: Run Behavior\BuildLiteBehavior [ RunTime:0.000011s ]
INFO: [ app_init ] --END-- [ RunTime:0.000446s ]
INFO: [ app_begin ] --START--
INFO: Run Behavior\ReadHtmlCacheBehavior [ RunTime:0.000502s ]
INFO: [ app_begin ] --END-- [ RunTime:0.000539s ]
NOTIC: [2] session_start(): Cannot send session cookie - headers already sent D:\phpStudy\WWW\youleAPI\ThinkPHP\Common\functions.php 第 1263 行.
NOTIC: [2] session_start(): Cannot send session cache limiter - headers already sent D:\phpStudy\WWW\youleAPI\ThinkPHP\Common\functions.php 第 1263 行.

[ 2017-04-15T11:42:49+08:00 ] 127.0.0.1 /index.php/Home/User/register
INFO: [ app_init ] --START--
INFO: Run Behavior\BuildLiteBehavior [ RunTime:0.000014s ]
INFO: [ app_init ] --END-- [ RunTime:0.000698s ]
INFO: [ app_begin ] --START--
INFO: Run Behavior\ReadHtmlCacheBehavior [ RunTime:0.000544s ]
INFO: [ app_begin ] --END-- [ RunTime:0.000583s ]
SQL: SHOW COLUMNS FROM `table_user` [ RunTime:0.0074s ]
SQL: SELECT * FROM `table_user` WHERE `mobile` = '15811205357'  [ RunTime:0.0083s ]
NOTIC: [2] Missing argument 3 for Common\Controller\BaseController::returnJson(), called in D:\phpStudy\WWW\youleAPI\Application\Home\Controller\UserController.class.php on line 42 and defined D:\phpStudy\WWW\youleAPI\Application\Common\Controller\BaseController.class.php 第 24 行.
NOTIC: [8] Undefined variable: data D:\phpStudy\WWW\youleAPI\Application\Common\Controller\BaseController.class.php 第 30 行.

[ 2017-04-15T11:42:49+08:00 ] 127.0.0.1 /youleAPI/index.php/Home/Test/register
INFO: [ app_init ] --START--
INFO: Run Behavior\BuildLiteBehavior [ RunTime:0.000010s ]
INFO: [ app_init ] --END-- [ RunTime:0.000470s ]
INFO: [ app_begin ] --START--
INFO: Run Behavior\ReadHtmlCacheBehavior [ RunTime:0.000530s ]
INFO: [ app_begin ] --END-- [ RunTime:0.000568s ]
NOTIC: [2] session_start(): Cannot send session cookie - headers already sent D:\phpStudy\WWW\youleAPI\ThinkPHP\Common\functions.php 第 1263 行.
NOTIC: [2] session_start(): Cannot send session cache limiter - headers already sent D:\phpStudy\WWW\youleAPI\ThinkPHP\Common\functions.php 第 1263 行.
INFO: [ app_end ] --START--
INFO: Run Behavior\ShowPageTraceBehavior [ RunTime:0.000824s ]
INFO: [ app_end ] --END-- [ RunTime:0.000882s ]

[ 2017-04-15T11:43:05+08:00 ] 127.0.0.1 /index.php/Home/User/register
INFO: [ app_init ] --START--
INFO: Run Behavior\BuildLiteBehavior [ RunTime:0.000009s ]
INFO: [ app_init ] --END-- [ RunTime:0.000414s ]
INFO: [ app_begin ] --START--
INFO: Run Behavior\ReadHtmlCacheBehavior [ RunTime:0.000505s ]
INFO: [ app_begin ] --END-- [ RunTime:0.000545s ]
SQL: SHOW COLUMNS FROM `table_user` [ RunTime:0.0062s ]
SQL: SELECT * FROM `table_user` WHERE `mobile` = '15811205357'  [ RunTime:0.0058s ]
NOTIC: [2] Missing argument 3 for Common\Controller\BaseController::returnJson(), called in D:\phpStudy\WWW\youleAPI\Application\Home\Controller\UserController.class.php on line 42 and defined D:\phpStudy\WWW\youleAPI\Application\Common\Controller\BaseController.class.php 第 24 行.
NOTIC: [8] Undefined variable: data D:\phpStudy\WWW\youleAPI\Application\Common\Controller\BaseController.class.php 第 30 行.

[ 2017-04-15T11:43:05+08:00 ] 127.0.0.1 /index.php/Home/Test/register
INFO: [ app_init ] --START--
INFO: Run Behavior\BuildLiteBehavior [ RunTime:0.000009s ]
INFO: [ app_init ] --END-- [ RunTime:0.000389s ]
INFO: [ app_begin ] --START--
INFO: Run Behavior\ReadHtmlCacheBehavior [ RunTime:0.000448s ]
INFO: [ app_begin ] --END-- [ RunTime:0.000489s ]
INFO: [ app_end ] --START--
INFO: Run Behavior\ShowPageTraceBehavior [ RunTime:0.000691s ]
INFO: [ app_end ] --END-- [ RunTime:0.000742s ]

[ 2017-04-15T11:44:02+08:00 ] 127.0.0.1 /index.php/Home/User/register
INFO: [ app_init ] --START--
INFO: Run Behavior\BuildLiteBehavior [ RunTime:0.000011s ]
INFO: [ app_init ] --END-- [ RunTime:0.000606s ]
INFO: [ app_begin ] --START--
INFO: Run Behavior\ReadHtmlCacheBehavior [ RunTime:0.000604s ]
INFO: [ app_begin ] --END-- [ RunTime:0.000650s ]
SQL: SHOW COLUMNS FROM `table_user` [ RunTime:0.0070s ]
SQL: SELECT * FROM `table_user` WHERE `mobile` = '15811205357'  [ RunTime:0.0070s ]
NOTIC: [2] Missing argument 3 for Common\Controller\BaseController::returnJson(), called in D:\phpStudy\WWW\youleAPI\Application\Home\Controller\UserController.class.php on line 42 and defined D:\phpStudy\WWW\youleAPI\Application\Common\Controller\BaseController.class.php 第 24 行.
NOTIC: [8] Undefined variable: data D:\phpStudy\WWW\youleAPI\Application\Common\Controller\BaseController.class.php 第 30 行.

[ 2017-04-15T11:44:02+08:00 ] 127.0.0.1 /youleAPI/index.php/Home/Test/register
INFO: [ app_init ] --START--
INFO: Run Behavior\BuildLiteBehavior [ RunTime:0.000013s ]
INFO: [ app_init ] --END-- [ RunTime:0.000612s ]
INFO: [ app_begin ] --START--
INFO: Run Behavior\ReadHtmlCacheBehavior [ RunTime:0.000524s ]
INFO: [ app_begin ] --END-- [ RunTime:0.000563s ]
NOTIC: [2] session_start(): Cannot send session cookie - headers already sent D:\phpStudy\WWW\youleAPI\ThinkPHP\Common\functions.php 第 1263 行.
NOTIC: [2] session_start(): Cannot send session cache limiter - headers already sent D:\phpStudy\WWW\youleAPI\ThinkPHP\Common\functions.php 第 1263 行.
INFO: [ app_end ] --START--
INFO: Run Behavior\ShowPageTraceBehavior [ RunTime:0.000637s ]
INFO: [ app_end ] --END-- [ RunTime:0.000681s ]

[ 2017-04-15T11:46:50+08:00 ] 127.0.0.1 /index.php/Home/User/register
INFO: [ app_init ] --START--
INFO: Run Behavior\BuildLiteBehavior [ RunTime:0.000019s ]
INFO: [ app_init ] --END-- [ RunTime:0.000816s ]
INFO: [ app_begin ] --START--
INFO: Run Behavior\ReadHtmlCacheBehavior [ RunTime:0.000686s ]
INFO: [ app_begin ] --END-- [ RunTime:0.000738s ]
SQL: SHOW COLUMNS FROM `table_user` [ RunTime:0.0079s ]
SQL: SELECT * FROM `table_user` WHERE `mobile` = '15811205357'  [ RunTime:0.0071s ]
NOTIC: [2] Missing argument 3 for Common\Controller\BaseController::returnJson(), called in D:\phpStudy\WWW\youleAPI\Application\Home\Controller\UserController.class.php on line 42 and defined D:\phpStudy\WWW\youleAPI\Application\Common\Controller\BaseController.class.php 第 24 行.
NOTIC: [8] Undefined variable: data D:\phpStudy\WWW\youleAPI\Application\Common\Controller\BaseController.class.php 第 30 行.

[ 2017-04-15T11:46:50+08:00 ] 127.0.0.1 /youleAPI/index.php/Home/Test/register
INFO: [ app_init ] --START--
INFO: Run Behavior\BuildLiteBehavior [ RunTime:0.000016s ]
INFO: [ app_init ] --END-- [ RunTime:0.000551s ]
INFO: [ app_begin ] --START--
INFO: Run Behavior\ReadHtmlCacheBehavior [ RunTime:0.002616s ]
INFO: [ app_begin ] --END-- [ RunTime:0.002728s ]
NOTIC: [2] session_start(): Cannot send session cookie - headers already sent D:\phpStudy\WWW\youleAPI\ThinkPHP\Common\functions.php 第 1263 行.
NOTIC: [2] session_start(): Cannot send session cache limiter - headers already sent D:\phpStudy\WWW\youleAPI\ThinkPHP\Common\functions.php 第 1263 行.
INFO: [ app_end ] --START--
INFO: Run Behavior\ShowPageTraceBehavior [ RunTime:0.000900s ]
INFO: [ app_end ] --END-- [ RunTime:0.000970s ]

[ 2017-04-15T11:47:09+08:00 ] 127.0.0.1 /index.php/Home/User/register
INFO: [ app_init ] --START--
INFO: Run Behavior\BuildLiteBehavior [ RunTime:0.000010s ]
INFO: [ app_init ] --END-- [ RunTime:0.000438s ]
INFO: [ app_begin ] --START--
INFO: Run Behavior\ReadHtmlCacheBehavior [ RunTime:0.000949s ]
INFO: [ app_begin ] --END-- [ RunTime:0.001020s ]
SQL: SHOW COLUMNS FROM `table_user` [ RunTime:0.0068s ]
SQL: SELECT * FROM `table_user` WHERE `mobile` = '15811205357'  [ RunTime:0.0059s ]
NOTIC: [2] Missing argument 3 for Common\Controller\BaseController::returnJson(), called in D:\phpStudy\WWW\youleAPI\Application\Home\Controller\UserController.class.php on line 42 and defined D:\phpStudy\WWW\youleAPI\Application\Common\Controller\BaseController.class.php 第 24 行.
NOTIC: [8] Undefined variable: data D:\phpStudy\WWW\youleAPI\Application\Common\Controller\BaseController.class.php 第 30 行.

[ 2017-04-15T11:47:09+08:00 ] 127.0.0.1 /index.php/Home/Test/register
INFO: [ app_init ] --START--
INFO: Run Behavior\BuildLiteBehavior [ RunTime:0.000008s ]
INFO: [ app_init ] --END-- [ RunTime:0.000411s ]
INFO: [ app_begin ] --START--
INFO: Run Behavior\ReadHtmlCacheBehavior [ RunTime:0.000476s ]
INFO: [ app_begin ] --END-- [ RunTime:0.000510s ]
INFO: [ app_end ] --START--
INFO: Run Behavior\ShowPageTraceBehavior [ RunTime:0.000854s ]
INFO: [ app_end ] --END-- [ RunTime:0.000907s ]

[ 2017-04-15T11:50:01+08:00 ] 127.0.0.1 /index.php/Home/User/register
INFO: [ app_init ] --START--
INFO: Run Behavior\BuildLiteBehavior [ RunTime:0.000011s ]
INFO: [ app_init ] --END-- [ RunTime:0.000576s ]
INFO: [ app_begin ] --START--
INFO: Run Behavior\ReadHtmlCacheBehavior [ RunTime:0.000639s ]
INFO: [ app_begin ] --END-- [ RunTime:0.000682s ]
NOTIC: [2] session_start(): Cannot send session cookie - headers already sent D:\phpStudy\WWW\youleAPI\ThinkPHP\Common\functions.php 第 1263 行.
NOTIC: [2] session_start(): Cannot send session cache limiter - headers already sent D:\phpStudy\WWW\youleAPI\ThinkPHP\Common\functions.php 第 1263 行.
SQL: SHOW COLUMNS FROM `table_user` [ RunTime:0.0086s ]
SQL: SELECT * FROM `table_user` WHERE `mobile` = '15811205357'  [ RunTime:0.0072s ]
NOTIC: [2] Missing argument 3 for Common\Controller\BaseController::returnJson(), called in D:\phpStudy\WWW\youleAPI\Application\Home\Controller\UserController.class.php on line 42 and defined D:\phpStudy\WWW\youleAPI\Application\Common\Controller\BaseController.class.php 第 24 行.
NOTIC: [8] Undefined variable: data D:\phpStudy\WWW\youleAPI\Application\Common\Controller\BaseController.class.php 第 30 行.

[ 2017-04-15T11:50:01+08:00 ] 127.0.0.1 /youleAPI/index.php/Home/Test/register
INFO: [ app_init ] --START--
INFO: Run Behavior\BuildLiteBehavior [ RunTime:0.000057s ]
INFO: [ app_init ] --END-- [ RunTime:0.001033s ]
INFO: [ app_begin ] --START--
INFO: Run Behavior\ReadHtmlCacheBehavior [ RunTime:0.000708s ]
INFO: [ app_begin ] --END-- [ RunTime:0.000765s ]
NOTIC: [2] session_start(): Cannot send session cookie - headers already sent D:\phpStudy\WWW\youleAPI\ThinkPHP\Common\functions.php 第 1263 行.
NOTIC: [2] session_start(): Cannot send session cache limiter - headers already sent D:\phpStudy\WWW\youleAPI\ThinkPHP\Common\functions.php 第 1263 行.
INFO: [ app_end ] --START--
INFO: Run Behavior\ShowPageTraceBehavior [ RunTime:0.000849s ]
INFO: [ app_end ] --END-- [ RunTime:0.000911s ]

[ 2017-04-15T11:51:01+08:00 ] 127.0.0.1 /index.php/Home/User/register
INFO: [ app_init ] --START--
INFO: Run Behavior\BuildLiteBehavior [ RunTime:0.000015s ]
INFO: [ app_init ] --END-- [ RunTime:0.000798s ]
INFO: [ app_begin ] --START--
INFO: Run Behavior\ReadHtmlCacheBehavior [ RunTime:0.000539s ]
INFO: [ app_begin ] --END-- [ RunTime:0.000578s ]
SQL: SHOW COLUMNS FROM `table_user` [ RunTime:0.0063s ]
SQL: SELECT * FROM `table_user` WHERE `mobile` = '15811205357'  [ RunTime:0.0098s ]
NOTIC: [2] Missing argument 3 for Common\Controller\BaseController::returnJson(), called in D:\phpStudy\WWW\youleAPI\Application\Home\Controller\UserController.class.php on line 42 and defined D:\phpStudy\WWW\youleAPI\Application\Common\Controller\BaseController.class.php 第 24 行.
NOTIC: [8] Undefined variable: data D:\phpStudy\WWW\youleAPI\Application\Common\Controller\BaseController.class.php 第 30 行.

[ 2017-04-15T11:51:01+08:00 ] 127.0.0.1 /youleAPI/index.php/Home/Test/register
INFO: [ app_init ] --START--
INFO: Run Behavior\BuildLiteBehavior [ RunTime:0.000010s ]
INFO: [ app_init ] --END-- [ RunTime:0.000576s ]
INFO: [ app_begin ] --START--
INFO: Run Behavior\ReadHtmlCacheBehavior [ RunTime:0.000541s ]
INFO: [ app_begin ] --END-- [ RunTime:0.000579s ]
INFO: [ app_end ] --START--
INFO: Run Behavior\ShowPageTraceBehavior [ RunTime:0.000779s ]
INFO: [ app_end ] --END-- [ RunTime:0.000829s ]

[ 2017-04-15T11:51:42+08:00 ] 127.0.0.1 /index.php/Home/User/register
INFO: [ app_init ] --START--
INFO: Run Behavior\BuildLiteBehavior [ RunTime:0.000014s ]
INFO: [ app_init ] --END-- [ RunTime:0.001711s ]
INFO: [ app_begin ] --START--
INFO: Run Behavior\ReadHtmlCacheBehavior [ RunTime:0.000644s ]
INFO: [ app_begin ] --END-- [ RunTime:0.000692s ]
SQL: SHOW COLUMNS FROM `table_user` [ RunTime:0.0075s ]
SQL: SELECT * FROM `table_user` WHERE `mobile` = '15811205357'  [ RunTime:0.0078s ]
NOTIC: [2] Missing argument 3 for Common\Controller\BaseController::returnJson(), called in D:\phpStudy\WWW\youleAPI\Application\Home\Controller\UserController.class.php on line 42 and defined D:\phpStudy\WWW\youleAPI\Application\Common\Controller\BaseController.class.php 第 24 行.
NOTIC: [8] Undefined variable: data D:\phpStudy\WWW\youleAPI\Application\Common\Controller\BaseController.class.php 第 30 行.

[ 2017-04-15T11:51:42+08:00 ] 127.0.0.1 /youleAPI/index.php/Home/Test/register
INFO: [ app_init ] --START--
INFO: Run Behavior\BuildLiteBehavior [ RunTime:0.000042s ]
INFO: [ app_init ] --END-- [ RunTime:0.001814s ]
INFO: [ app_begin ] --START--
INFO: Run Behavior\ReadHtmlCacheBehavior [ RunTime:0.004511s ]
INFO: [ app_begin ] --END-- [ RunTime:0.004836s ]
INFO: [ app_end ] --START--
INFO: Run Behavior\ShowPageTraceBehavior [ RunTime:0.000789s ]
INFO: [ app_end ] --END-- [ RunTime:0.000849s ]

[ 2017-04-15T11:52:47+08:00 ] 127.0.0.1 /index.php/Home/User/register
INFO: [ app_init ] --START--
INFO: Run Behavior\BuildLiteBehavior [ RunTime:0.000009s ]
INFO: [ app_init ] --END-- [ RunTime:0.000392s ]
INFO: [ app_begin ] --START--
INFO: Run Behavior\ReadHtmlCacheBehavior [ RunTime:0.000457s ]
INFO: [ app_begin ] --END-- [ RunTime:0.000491s ]
SQL: SHOW COLUMNS FROM `table_user` [ RunTime:0.0064s ]
SQL: SELECT * FROM `table_user` WHERE `mobile` = '15811205357'  [ RunTime:0.0069s ]
NOTIC: [2] Missing argument 3 for Common\Controller\BaseController::returnJson(), called in D:\phpStudy\WWW\youleAPI\Application\Home\Controller\UserController.class.php on line 64 and defined D:\phpStudy\WWW\youleAPI\Application\Common\Controller\BaseController.class.php 第 24 行.
NOTIC: [8] Undefined variable: data D:\phpStudy\WWW\youleAPI\Application\Common\Controller\BaseController.class.php 第 30 行.

[ 2017-04-15T11:52:47+08:00 ] 127.0.0.1 /youleAPI/index.php/Home/Test/register
INFO: [ app_init ] --START--
INFO: Run Behavior\BuildLiteBehavior [ RunTime:0.000014s ]
INFO: [ app_init ] --END-- [ RunTime:0.000630s ]
INFO: [ app_begin ] --START--
INFO: Run Behavior\ReadHtmlCacheBehavior [ RunTime:0.000709s ]
INFO: [ app_begin ] --END-- [ RunTime:0.000759s ]
INFO: [ app_end ] --START--
INFO: Run Behavior\ShowPageTraceBehavior [ RunTime:0.000633s ]
INFO: [ app_end ] --END-- [ RunTime:0.000680s ]

[ 2017-04-15T11:53:02+08:00 ] 127.0.0.1 /index.php/Home/User/register
INFO: [ app_init ] --START--
INFO: Run Behavior\BuildLiteBehavior [ RunTime:0.000010s ]
INFO: [ app_init ] --END-- [ RunTime:0.000451s ]
INFO: [ app_begin ] --START--
INFO: Run Behavior\ReadHtmlCacheBehavior [ RunTime:0.000529s ]
INFO: [ app_begin ] --END-- [ RunTime:0.000563s ]
SQL: SHOW COLUMNS FROM `table_user` [ RunTime:0.0190s ]
SQL: SELECT * FROM `table_user` WHERE `mobile` = '15811205357'  [ RunTime:0.1142s ]
NOTIC: [2] Missing argument 3 for Common\Controller\BaseController::returnJson(), called in D:\phpStudy\WWW\youleAPI\Application\Home\Controller\UserController.class.php on line 42 and defined D:\phpStudy\WWW\youleAPI\Application\Common\Controller\BaseController.class.php 第 24 行.
NOTIC: [8] Undefined variable: data D:\phpStudy\WWW\youleAPI\Application\Common\Controller\BaseController.class.php 第 30 行.

[ 2017-04-15T11:53:02+08:00 ] 127.0.0.1 /youleAPI/index.php/Home/Test/register
INFO: [ app_init ] --START--
INFO: Run Behavior\BuildLiteBehavior [ RunTime:0.000016s ]
INFO: [ app_init ] --END-- [ RunTime:0.000909s ]
INFO: [ app_begin ] --START--
INFO: Run Behavior\ReadHtmlCacheBehavior [ RunTime:0.001024s ]
INFO: [ app_begin ] --END-- [ RunTime:0.001160s ]
INFO: [ app_end ] --START--
INFO: Run Behavior\ShowPageTraceBehavior [ RunTime:0.002132s ]
INFO: [ app_end ] --END-- [ RunTime:0.002254s ]

[ 2017-04-15T11:53:11+08:00 ] 127.0.0.1 /index.php/Home/User/register
INFO: [ app_init ] --START--
INFO: Run Behavior\BuildLiteBehavior [ RunTime:0.000010s ]
INFO: [ app_init ] --END-- [ RunTime:0.000466s ]
INFO: [ app_begin ] --START--
INFO: Run Behavior\ReadHtmlCacheBehavior [ RunTime:0.000855s ]
INFO: [ app_begin ] --END-- [ RunTime:0.000911s ]
SQL: SHOW COLUMNS FROM `table_user` [ RunTime:0.0080s ]
SQL: SELECT * FROM `table_user` WHERE `mobile` = '15811205357'  [ RunTime:0.0166s ]
NOTIC: [2] Missing argument 3 for Common\Controller\BaseController::returnJson(), called in D:\phpStudy\WWW\youleAPI\Application\Home\Controller\UserController.class.php on line 64 and defined D:\phpStudy\WWW\youleAPI\Application\Common\Controller\BaseController.class.php 第 24 行.
NOTIC: [8] Undefined variable: data D:\phpStudy\WWW\youleAPI\Application\Common\Controller\BaseController.class.php 第 30 行.

[ 2017-04-15T11:53:11+08:00 ] 127.0.0.1 /youleAPI/index.php/Home/Test/register
INFO: [ app_init ] --START--
INFO: Run Behavior\BuildLiteBehavior [ RunTime:0.000012s ]
INFO: [ app_init ] --END-- [ RunTime:0.001540s ]
INFO: [ app_begin ] --START--
INFO: Run Behavior\ReadHtmlCacheBehavior [ RunTime:0.001094s ]
INFO: [ app_begin ] --END-- [ RunTime:0.001517s ]
INFO: [ app_end ] --START--
INFO: Run Behavior\ShowPageTraceBehavior [ RunTime:0.000873s ]
INFO: [ app_end ] --END-- [ RunTime:0.000949s ]

[ 2017-04-15T11:54:03+08:00 ] 127.0.0.1 /index.php/Home/User/register
INFO: [ app_init ] --START--
INFO: Run Behavior\BuildLiteBehavior [ RunTime:0.000015s ]
INFO: [ app_init ] --END-- [ RunTime:0.001740s ]
INFO: [ app_begin ] --START--
INFO: Run Behavior\ReadHtmlCacheBehavior [ RunTime:0.000538s ]
INFO: [ app_begin ] --END-- [ RunTime:0.000581s ]
SQL: SHOW COLUMNS FROM `table_user` [ RunTime:0.0074s ]
SQL: SELECT * FROM `table_user` WHERE `mobile` = '15811205357'  [ RunTime:0.0114s ]
SQL: INSERT INTO `table_user` (`mobile`,`password`,`register_time`) VALUES ('15811205357','41c3055716f331180dc99b00dcac0544','1492228443') [ RunTime:0.0192s ]

[ 2017-04-15T11:54:03+08:00 ] 127.0.0.1 /youleAPI/index.php/Home/Test/register
INFO: [ app_init ] --START--
INFO: Run Behavior\BuildLiteBehavior [ RunTime:0.000014s ]
INFO: [ app_init ] --END-- [ RunTime:0.000603s ]
INFO: [ app_begin ] --START--
INFO: Run Behavior\ReadHtmlCacheBehavior [ RunTime:0.000650s ]
INFO: [ app_begin ] --END-- [ RunTime:0.000696s ]
NOTIC: [8] Use of undefined constant a11111 - assumed 'a11111' D:\phpStudy\WWW\youleAPI\Application\Home\Controller\TestController.class.php 第 12 行.
NOTIC: [8] Use of undefined constant a11111 - assumed 'a11111' D:\phpStudy\WWW\youleAPI\Application\Home\Controller\TestController.class.php 第 13 行.
INFO: [ app_end ] --START--
INFO: Run Behavior\ShowPageTraceBehavior [ RunTime:0.000684s ]
INFO: [ app_end ] --END-- [ RunTime:0.000733s ]

[ 2017-04-15T11:58:35+08:00 ] 127.0.0.1 /index.php/Home/User/register
INFO: [ app_init ] --START--
INFO: Run Behavior\BuildLiteBehavior [ RunTime:0.000012s ]
INFO: [ app_init ] --END-- [ RunTime:0.000544s ]
INFO: [ app_begin ] --START--
INFO: Run Behavior\ReadHtmlCacheBehavior [ RunTime:0.000597s ]
INFO: [ app_begin ] --END-- [ RunTime:0.000673s ]
SQL: SHOW COLUMNS FROM `table_user` [ RunTime:0.0075s ]
SQL: SELECT * FROM `table_user` WHERE `mobile` = '15811205357'  [ RunTime:0.1122s ]
NOTIC: [2] Missing argument 3 for Common\Controller\BaseController::returnJson(), called in D:\phpStudy\WWW\youleAPI\Application\Home\Controller\UserController.class.php on line 36 and defined D:\phpStudy\WWW\youleAPI\Application\Common\Controller\BaseController.class.php 第 24 行.
NOTIC: [8] Undefined variable: data D:\phpStudy\WWW\youleAPI\Application\Common\Controller\BaseController.class.php 第 30 行.

[ 2017-04-15T11:58:35+08:00 ] 127.0.0.1 /youleAPI/index.php/Home/Test/register
INFO: [ app_init ] --START--
INFO: Run Behavior\BuildLiteBehavior [ RunTime:0.000009s ]
INFO: [ app_init ] --END-- [ RunTime:0.000483s ]
INFO: [ app_begin ] --START--
INFO: Run Behavior\ReadHtmlCacheBehavior [ RunTime:0.000545s ]
INFO: [ app_begin ] --END-- [ RunTime:0.000585s ]
NOTIC: [8] Use of undefined constant a11111 - assumed 'a11111' D:\phpStudy\WWW\youleAPI\Application\Home\Controller\TestController.class.php 第 12 行.
NOTIC: [8] Use of undefined constant a11111 - assumed 'a11111' D:\phpStudy\WWW\youleAPI\Application\Home\Controller\TestController.class.php 第 13 行.
INFO: [ app_end ] --START--
INFO: Run Behavior\ShowPageTraceBehavior [ RunTime:0.000763s ]
INFO: [ app_end ] --END-- [ RunTime:0.000819s ]

[ 2017-04-15T12:00:44+08:00 ] 127.0.0.1 /index.php/Home/User/register
INFO: [ app_init ] --START--
INFO: Run Behavior\BuildLiteBehavior [ RunTime:0.000011s ]
INFO: [ app_init ] --END-- [ RunTime:0.000593s ]
INFO: [ app_begin ] --START--
INFO: Run Behavior\ReadHtmlCacheBehavior [ RunTime:0.000511s ]
INFO: [ app_begin ] --END-- [ RunTime:0.000547s ]
SQL: SHOW COLUMNS FROM `table_user` [ RunTime:0.0070s ]
SQL: SELECT * FROM `table_user` WHERE `mobile` = '15811205357'  [ RunTime:0.0063s ]
NOTIC: [2] Missing argument 3 for Common\Controller\BaseController::returnJson(), called in D:\phpStudy\WWW\youleAPI\Application\Home\Controller\UserController.class.php on line 36 and defined D:\phpStudy\WWW\youleAPI\Application\Common\Controller\BaseController.class.php 第 24 行.
NOTIC: [8] Undefined variable: data D:\phpStudy\WWW\youleAPI\Application\Common\Controller\BaseController.class.php 第 30 行.

[ 2017-04-15T12:00:44+08:00 ] 127.0.0.1 /youleAPI/index.php/Home/Test/register
INFO: [ app_init ] --START--
INFO: Run Behavior\BuildLiteBehavior [ RunTime:0.000011s ]
INFO: [ app_init ] --END-- [ RunTime:0.000573s ]
INFO: [ app_begin ] --START--
INFO: Run Behavior\ReadHtmlCacheBehavior [ RunTime:0.000541s ]
INFO: [ app_begin ] --END-- [ RunTime:0.000580s ]
NOTIC: [8] Use of undefined constant a11111 - assumed 'a11111' D:\phpStudy\WWW\youleAPI\Application\Home\Controller\TestController.class.php 第 12 行.
NOTIC: [8] Use of undefined constant a11111 - assumed 'a11111' D:\phpStudy\WWW\youleAPI\Application\Home\Controller\TestController.class.php 第 13 行.
INFO: [ app_end ] --START--
INFO: Run Behavior\ShowPageTraceBehavior [ RunTime:0.000772s ]
INFO: [ app_end ] --END-- [ RunTime:0.000823s ]

[ 2017-04-15T12:01:01+08:00 ] 127.0.0.1 /index.php/Home/User/register
INFO: [ app_init ] --START--
INFO: Run Behavior\BuildLiteBehavior [ RunTime:0.000011s ]
INFO: [ app_init ] --END-- [ RunTime:0.000466s ]
INFO: [ app_begin ] --START--
INFO: Run Behavior\ReadHtmlCacheBehavior [ RunTime:0.000530s ]
INFO: [ app_begin ] --END-- [ RunTime:0.000571s ]
SQL: SHOW COLUMNS FROM `table_user` [ RunTime:0.0077s ]
SQL: SELECT * FROM `table_user` WHERE `mobile` = '15811205357'  [ RunTime:0.0075s ]
NOTIC: [2] Missing argument 3 for Common\Controller\BaseController::returnJson(), called in D:\phpStudy\WWW\youleAPI\Application\Home\Controller\UserController.class.php on line 36 and defined D:\phpStudy\WWW\youleAPI\Application\Common\Controller\BaseController.class.php 第 24 行.
NOTIC: [8] Undefined variable: data D:\phpStudy\WWW\youleAPI\Application\Common\Controller\BaseController.class.php 第 30 行.

[ 2017-04-15T12:01:01+08:00 ] 127.0.0.1 /youleAPI/index.php/Home/Test/register
INFO: [ app_init ] --START--
INFO: Run Behavior\BuildLiteBehavior [ RunTime:0.000080s ]
INFO: [ app_init ] --END-- [ RunTime:0.001731s ]
INFO: [ app_begin ] --START--
INFO: Run Behavior\ReadHtmlCacheBehavior [ RunTime:0.000779s ]
INFO: [ app_begin ] --END-- [ RunTime:0.000841s ]
NOTIC: [8] Use of undefined constant a11111 - assumed 'a11111' D:\phpStudy\WWW\youleAPI\Application\Home\Controller\TestController.class.php 第 12 行.
NOTIC: [8] Use of undefined constant a11111 - assumed 'a11111' D:\phpStudy\WWW\youleAPI\Application\Home\Controller\TestController.class.php 第 13 行.
INFO: [ app_end ] --START--
INFO: Run Behavior\ShowPageTraceBehavior [ RunTime:0.000793s ]
INFO: [ app_end ] --END-- [ RunTime:0.000855s ]

[ 2017-04-15T12:01:41+08:00 ] 127.0.0.1 /index.php/Home/User/register
INFO: [ app_init ] --START--
INFO: Run Behavior\BuildLiteBehavior [ RunTime:0.000009s ]
INFO: [ app_init ] --END-- [ RunTime:0.000393s ]
INFO: [ app_begin ] --START--
INFO: Run Behavior\ReadHtmlCacheBehavior [ RunTime:0.000446s ]
INFO: [ app_begin ] --END-- [ RunTime:0.000480s ]
SQL: SHOW COLUMNS FROM `table_user` [ RunTime:0.0060s ]
SQL: SELECT * FROM `table_user` WHERE `mobile` = '15811205357'  [ RunTime:0.0056s ]
NOTIC: [2] Missing argument 3 for Common\Controller\BaseController::returnJson(), called in D:\phpStudy\WWW\youleAPI\Application\Home\Controller\UserController.class.php on line 36 and defined D:\phpStudy\WWW\youleAPI\Application\Common\Controller\BaseController.class.php 第 24 行.
NOTIC: [8] Undefined variable: data D:\phpStudy\WWW\youleAPI\Application\Common\Controller\BaseController.class.php 第 30 行.

[ 2017-04-15T12:01:41+08:00 ] 127.0.0.1 /youleAPI/index.php/Home/Test/register
INFO: [ app_init ] --START--
INFO: Run Behavior\BuildLiteBehavior [ RunTime:0.000008s ]
INFO: [ app_init ] --END-- [ RunTime:0.000408s ]
INFO: [ app_begin ] --START--
INFO: Run Behavior\ReadHtmlCacheBehavior [ RunTime:0.000649s ]
INFO: [ app_begin ] --END-- [ RunTime:0.000696s ]
NOTIC: [8] Use of undefined constant a11111 - assumed 'a11111' D:\phpStudy\WWW\youleAPI\Application\Home\Controller\TestController.class.php 第 12 行.
NOTIC: [8] Use of undefined constant a11111 - assumed 'a11111' D:\phpStudy\WWW\youleAPI\Application\Home\Controller\TestController.class.php 第 13 行.
INFO: [ app_end ] --START--
INFO: Run Behavior\ShowPageTraceBehavior [ RunTime:0.000582s ]
INFO: [ app_end ] --END-- [ RunTime:0.000631s ]

[ 2017-04-15T12:02:02+08:00 ] 127.0.0.1 /index.php/Home/User/register
INFO: [ app_init ] --START--
INFO: Run Behavior\BuildLiteBehavior [ RunTime:0.000016s ]
INFO: [ app_init ] --END-- [ RunTime:0.000744s ]
INFO: [ app_begin ] --START--
INFO: Run Behavior\ReadHtmlCacheBehavior [ RunTime:0.000570s ]
INFO: [ app_begin ] --END-- [ RunTime:0.000611s ]
NOTIC: [2] Missing argument 3 for Common\Controller\BaseController::returnJson(), called in D:\phpStudy\WWW\youleAPI\Application\Home\Controller\UserController.class.php on line 22 and defined D:\phpStudy\WWW\youleAPI\Application\Common\Controller\BaseController.class.php 第 24 行.
NOTIC: [8] Undefined variable: data D:\phpStudy\WWW\youleAPI\Application\Common\Controller\BaseController.class.php 第 30 行.

[ 2017-04-15T12:02:02+08:00 ] 127.0.0.1 /youleAPI/index.php/Home/Test/register
INFO: [ app_init ] --START--
INFO: Run Behavior\BuildLiteBehavior [ RunTime:0.000012s ]
INFO: [ app_init ] --END-- [ RunTime:0.000483s ]
INFO: [ app_begin ] --START--
INFO: Run Behavior\ReadHtmlCacheBehavior [ RunTime:0.000707s ]
INFO: [ app_begin ] --END-- [ RunTime:0.000755s ]
NOTIC: [8] Use of undefined constant a11111 - assumed 'a11111' D:\phpStudy\WWW\youleAPI\Application\Home\Controller\TestController.class.php 第 12 行.
NOTIC: [8] Use of undefined constant a11111 - assumed 'a11111' D:\phpStudy\WWW\youleAPI\Application\Home\Controller\TestController.class.php 第 13 行.
INFO: [ app_end ] --START--
INFO: Run Behavior\ShowPageTraceBehavior [ RunTime:0.000825s ]
INFO: [ app_end ] --END-- [ RunTime:0.000885s ]

